23:42:59.007 INFO [GridLauncherV3.parse] - Selenium server version: 3.141.59, revision: e82be7d358
23:42:59.089 INFO [GridLauncherV3.lambda$buildLaunchers$3] - Launching a standalone Selenium Server on port 4444
2019-06-06 23:42:59.135:INFO::main: Logging initialized @344ms to org.seleniumhq.jetty9.util.log.StdErrLog
23:42:59.320 INFO [WebDriverServlet.<init>] - Initialising WebDriverServlet
23:42:59.498 INFO [SeleniumServer.boot] - Selenium Server is up and running on port 4444
23:42:59.989 INFO [ActiveSessionFactory.apply] - Capabilities are: {
  "acceptSslCerts": true,
  "browserName": "firefox",
  "javascriptEnabled": true,
  "name": "Home Test"
}
23:42:59.990 INFO [ActiveSessionFactory.lambda$apply$11] - Matched factory org.openqa.selenium.grid.session.remote.ServicedSession$Factory (provider: org.openqa.selenium.firefox.GeckoDriverService)
1559857380816	mozrunner::runner	INFO	Running command: "C:\\Program Files (x86)\\Mozilla Firefox\\firefox.exe" "-marionette" "-foreground" "-no-remote" "-profile" "C:\\Users\\Thunder\\AppData\\Local\\Temp\\rust_mozprofile.jbd1SaOMpgnI"
1559857381335	addons.webextension.screenshots@mozilla.org	WARN	Loading extension 'screenshots@mozilla.org': Reading manifest: Invalid host permission: resource://pdf.js/
1559857381336	addons.webextension.screenshots@mozilla.org	WARN	Loading extension 'screenshots@mozilla.org': Reading manifest: Invalid host permission: about:reader*
1559857384727	Marionette	INFO	Listening on port 52408
23:43:04.814 INFO [ProtocolHandshake.createSession] - Detected dialect: W3C
23:43:04.895 INFO [RemoteSession$Factory.lambda$performHandshake$0] - Started new session 6e23ae2a-32ea-49a3-a9be-ea1b2417b816 (org.openqa.selenium.firefox.GeckoDriverService)
1559857388700	Marionette	INFO	Stopped listening on port 52408
[Parent 18352, Gecko_IOThread] WARNING: pipe error: 109: file z:/build/build/src/ipc/chromium/src/chrome/common/ipc_channel_win.cc, line 332
[Child 8124, Chrome_ChildThread] WARNING: pipe error: 109: file z:/build/build/src/ipc/chromium/src/chrome/common/ipc_channel_win.cc, line 332
[Child 8124, Chrome_[Parent 18352, Gecko_IOThread] WARNING: pipe error: 109: file z:/build/build/src/ipc/chromium/src/chrome/common/ipc_channel_win.cc, line 332
[Child 1220, Chrome_ChildThread] WARNING: pipe error: 232: file z:/build/build/src/ipc/chromium/src/chrome/common/ipc_channel_win.cc, line 493
[Child 1220, Chrome_ChildThread] WARNING: pipe error: 232: file z:/build/build/src/ipc/chromium/src/chrome/common/ipc_channel_win.cc, line 493
[Child 1220, Chrome_ChildThread] WARNING: pipe error: 109: file z:/build/build/src/ipc/chromium/src/chrome/common/ipc_channel_win.cc, line 332
[Child 1220, Chrome_ChildThread] WARNIN[Parent 18352, Gecko_IOThread] WARNING: file z:/build/build/src/ipc/chromium/src/base/process_util_win.cc, line 166
JavaScript error: jar:file:///C:/Program%20Files%20(x86)/Mozilla%20Firefox/omni.ja!/components/nsUrlClassifierListManager.js, line 597: TypeError: this.tablesData[table] is undefined
[Parent 18352, Gecko_IOThread] WARNING: pipe error: 109: file z:/build/build/src/ipc/chromium/src/chrome/common/ipc_channel_win.cc, line 332
[Child 2312, Chrome_ChildThread] WARNING: pipe error: 109: file z:/build/build/src/ipc/chromium/src/chrome/common/ipc_channel_win.cc, line 332
[Child 2312, Chrome_ChildThread
###!!! [Child][RunMessage] Error: Channel closing: too late to send/recv, messages will be lost

[GPU 11968, Chrome_Child
###!!! [Child][MessageChannel::SendAndWait] Error: Channel error: cannot send/recv

23:43:11.166 INFO [ActiveSessions$1.onStop] - Removing session 6e23ae2a-32ea-49a3-a9be-ea1b2417b816 (org.openqa.selenium.firefox.GeckoDriverService)
